{"C:\\Users\\sofia\\Desktop\\Zenika\\le-bon-plan-v.Z\\le-bon-plan-backend\\src\\controllers\\products\\productsController.ts": {"path":"C:\\Users\\sofia\\Desktop\\Zenika\\le-bon-plan-v.Z\\le-bon-plan-backend\\src\\controllers\\products\\productsController.ts","statementMap":{"0":{"start":{"line":7,"column":20},"end":{"line":7,"column":38}},"1":{"start":{"line":8,"column":4},"end":{"line":10,"column":null}},"2":{"start":{"line":9,"column":6},"end":{"line":9,"column":12}},"3":{"start":{"line":11,"column":4},"end":{"line":11,"column":11}},"4":{"start":{"line":15,"column":4},"end":{"line":15,"column":11}},"5":{"start":{"line":21,"column":23},"end":{"line":21,"column":27}},"6":{"start":{"line":25,"column":4},"end":{"line":25,"column":11}},"7":{"start":{"line":29,"column":20},"end":{"line":29,"column":31}},"8":{"start":{"line":30,"column":29},"end":{"line":30,"column":null}},"9":{"start":{"line":32,"column":4},"end":{"line":34,"column":null}},"10":{"start":{"line":33,"column":6},"end":{"line":33,"column":13}},"11":{"start":{"line":35,"column":4},"end":{"line":37,"column":null}},"12":{"start":{"line":36,"column":6},"end":{"line":36,"column":13}},"13":{"start":{"line":38,"column":27},"end":{"line":38,"column":31}},"14":{"start":{"line":39,"column":4},"end":{"line":39,"column":11}},"15":{"start":{"line":43,"column":20},"end":{"line":43,"column":31}},"16":{"start":{"line":44,"column":4},"end":{"line":44,"column":10}}},"fnMap":{"0":{"name":"(anonymous_0)","decl":{"start":{"line":6,"column":18},"end":{"line":6,"column":19}},"loc":{"start":{"line":6,"column":64},"end":{"line":12,"column":null}}},"1":{"name":"(anonymous_1)","decl":{"start":{"line":14,"column":19},"end":{"line":14,"column":22}},"loc":{"start":{"line":14,"column":22},"end":{"line":16,"column":null}}},"2":{"name":"(anonymous_2)","decl":{"start":{"line":18,"column":18},"end":{"line":18,"column":19}},"loc":{"start":{"line":20,"column":58},"end":{"line":26,"column":null}}},"3":{"name":"(anonymous_3)","decl":{"start":{"line":28,"column":21},"end":{"line":28,"column":22}},"loc":{"start":{"line":28,"column":91},"end":{"line":40,"column":null}}},"4":{"name":"(anonymous_4)","decl":{"start":{"line":42,"column":21},"end":{"line":42,"column":22}},"loc":{"start":{"line":42,"column":49},"end":{"line":45,"column":null}}}},"branchMap":{"0":{"loc":{"start":{"line":8,"column":4},"end":{"line":10,"column":null}},"type":"if","locations":[{"start":{"line":8,"column":4},"end":{"line":10,"column":null}}]},"1":{"loc":{"start":{"line":32,"column":4},"end":{"line":34,"column":null}},"type":"if","locations":[{"start":{"line":32,"column":4},"end":{"line":34,"column":null}}]},"2":{"loc":{"start":{"line":32,"column":8},"end":{"line":32,"column":42}},"type":"binary-expr","locations":[{"start":{"line":32,"column":8},"end":{"line":32,"column":13}},{"start":{"line":32,"column":17},"end":{"line":32,"column":42}}]},"3":{"loc":{"start":{"line":35,"column":4},"end":{"line":37,"column":null}},"type":"if","locations":[{"start":{"line":35,"column":4},"end":{"line":37,"column":null}}]},"4":{"loc":{"start":{"line":35,"column":8},"end":{"line":35,"column":42}},"type":"binary-expr","locations":[{"start":{"line":35,"column":8},"end":{"line":35,"column":13}},{"start":{"line":35,"column":17},"end":{"line":35,"column":42}}]}},"s":{"0":3,"1":3,"2":1,"3":2,"4":1,"5":1,"6":1,"7":1,"8":1,"9":1,"10":1,"11":1,"12":0,"13":1,"14":1,"15":1,"16":1},"f":{"0":3,"1":1,"2":1,"3":1,"4":1},"b":{"0":[1],"1":[1],"2":[1,1],"3":[0],"4":[1,1]}}
,"C:\\Users\\sofia\\Desktop\\Zenika\\le-bon-plan-v.Z\\le-bon-plan-backend\\src\\controllers\\users\\usersController.ts": {"path":"C:\\Users\\sofia\\Desktop\\Zenika\\le-bon-plan-v.Z\\le-bon-plan-backend\\src\\controllers\\users\\usersController.ts","statementMap":{"0":{"start":{"line":8,"column":4},"end":{"line":8,"column":11}},"1":{"start":{"line":12,"column":17},"end":{"line":12,"column":32}},"2":{"start":{"line":13,"column":4},"end":{"line":15,"column":null}},"3":{"start":{"line":14,"column":6},"end":{"line":14,"column":12}},"4":{"start":{"line":16,"column":4},"end":{"line":16,"column":11}},"5":{"start":{"line":20,"column":20},"end":{"line":20,"column":24}},"6":{"start":{"line":25,"column":4},"end":{"line":25,"column":11}},"7":{"start":{"line":31,"column":17},"end":{"line":31,"column":28}},"8":{"start":{"line":32,"column":42},"end":{"line":32,"column":null}},"9":{"start":{"line":33,"column":4},"end":{"line":35,"column":null}},"10":{"start":{"line":34,"column":6},"end":{"line":34,"column":10}},"11":{"start":{"line":36,"column":4},"end":{"line":38,"column":null}},"12":{"start":{"line":37,"column":6},"end":{"line":37,"column":10}},"13":{"start":{"line":39,"column":4},"end":{"line":41,"column":null}},"14":{"start":{"line":40,"column":6},"end":{"line":40,"column":10}},"15":{"start":{"line":42,"column":24},"end":{"line":42,"column":28}},"16":{"start":{"line":43,"column":4},"end":{"line":43,"column":11}},"17":{"start":{"line":47,"column":17},"end":{"line":47,"column":28}},"18":{"start":{"line":48,"column":4},"end":{"line":48,"column":10}}},"fnMap":{"0":{"name":"(anonymous_0)","decl":{"start":{"line":7,"column":19},"end":{"line":7,"column":22}},"loc":{"start":{"line":7,"column":22},"end":{"line":9,"column":null}}},"1":{"name":"(anonymous_1)","decl":{"start":{"line":11,"column":15},"end":{"line":11,"column":16}},"loc":{"start":{"line":11,"column":61},"end":{"line":17,"column":null}}},"2":{"name":"(anonymous_2)","decl":{"start":{"line":19,"column":15},"end":{"line":19,"column":16}},"loc":{"start":{"line":19,"column":66},"end":{"line":26,"column":null}}},"3":{"name":"(anonymous_3)","decl":{"start":{"line":28,"column":18},"end":{"line":28,"column":null}},"loc":{"start":{"line":30,"column":4},"end":{"line":44,"column":null}}},"4":{"name":"(anonymous_4)","decl":{"start":{"line":46,"column":18},"end":{"line":46,"column":19}},"loc":{"start":{"line":46,"column":59},"end":{"line":49,"column":null}}}},"branchMap":{"0":{"loc":{"start":{"line":13,"column":4},"end":{"line":15,"column":null}},"type":"if","locations":[{"start":{"line":13,"column":4},"end":{"line":15,"column":null}}]},"1":{"loc":{"start":{"line":33,"column":4},"end":{"line":35,"column":null}},"type":"if","locations":[{"start":{"line":33,"column":4},"end":{"line":35,"column":null}}]},"2":{"loc":{"start":{"line":33,"column":8},"end":{"line":33,"column":48}},"type":"binary-expr","locations":[{"start":{"line":33,"column":8},"end":{"line":33,"column":16}},{"start":{"line":33,"column":20},"end":{"line":33,"column":48}}]},"3":{"loc":{"start":{"line":36,"column":4},"end":{"line":38,"column":null}},"type":"if","locations":[{"start":{"line":36,"column":4},"end":{"line":38,"column":null}}]},"4":{"loc":{"start":{"line":36,"column":8},"end":{"line":36,"column":39}},"type":"binary-expr","locations":[{"start":{"line":36,"column":8},"end":{"line":36,"column":13}},{"start":{"line":36,"column":17},"end":{"line":36,"column":39}}]},"5":{"loc":{"start":{"line":39,"column":4},"end":{"line":41,"column":null}},"type":"if","locations":[{"start":{"line":39,"column":4},"end":{"line":41,"column":null}}]},"6":{"loc":{"start":{"line":39,"column":8},"end":{"line":39,"column":48}},"type":"binary-expr","locations":[{"start":{"line":39,"column":8},"end":{"line":39,"column":16}},{"start":{"line":39,"column":20},"end":{"line":39,"column":48}}]}},"s":{"0":1,"1":3,"2":3,"3":1,"4":2,"5":1,"6":1,"7":1,"8":1,"9":1,"10":1,"11":1,"12":1,"13":1,"14":1,"15":1,"16":1,"17":1,"18":1},"f":{"0":1,"1":3,"2":1,"3":1,"4":1},"b":{"0":[1],"1":[1],"2":[1,1],"3":[1],"4":[1,1],"5":[1],"6":[1,1]}}
,"C:\\Users\\sofia\\Desktop\\Zenika\\le-bon-plan-v.Z\\le-bon-plan-backend\\src\\errors\\Exception.ts": {"path":"C:\\Users\\sofia\\Desktop\\Zenika\\le-bon-plan-v.Z\\le-bon-plan-backend\\src\\errors\\Exception.ts","statementMap":{"0":{"start":{"line":9,"column":4},"end":{"line":9,"column":10}},"1":{"start":{"line":10,"column":4},"end":{"line":10,"column":9}},"2":{"start":{"line":11,"column":4},"end":{"line":11,"column":9}},"3":{"start":{"line":12,"column":4},"end":{"line":12,"column":9}}},"fnMap":{"0":{"name":"(anonymous_0)","decl":{"start":{"line":8,"column":2},"end":{"line":8,"column":13}},"loc":{"start":{"line":8,"column":45},"end":{"line":13,"column":null}}}},"branchMap":{"0":{"loc":{"start":{"line":10,"column":19},"end":{"line":10,"column":39}},"type":"binary-expr","locations":[{"start":{"line":10,"column":19},"end":{"line":10,"column":26}},{"start":{"line":10,"column":30},"end":{"line":10,"column":39}}]}},"s":{"0":2,"1":2,"2":2,"3":2},"f":{"0":2},"b":{"0":[2,0]}}
,"C:\\Users\\sofia\\Desktop\\Zenika\\le-bon-plan-v.Z\\le-bon-plan-backend\\src\\errors\\NotFound.ts": {"path":"C:\\Users\\sofia\\Desktop\\Zenika\\le-bon-plan-v.Z\\le-bon-plan-backend\\src\\errors\\NotFound.ts","statementMap":{"0":{"start":{"line":5,"column":4},"end":{"line":5,"column":10}}},"fnMap":{"0":{"name":"(anonymous_0)","decl":{"start":{"line":4,"column":2},"end":{"line":4,"column":13}},"loc":{"start":{"line":4,"column":30},"end":{"line":6,"column":null}}}},"branchMap":{},"s":{"0":2},"f":{"0":2},"b":{}}
,"C:\\Users\\sofia\\Desktop\\Zenika\\le-bon-plan-v.Z\\le-bon-plan-backend\\src\\errors\\ProductNotFound.ts": {"path":"C:\\Users\\sofia\\Desktop\\Zenika\\le-bon-plan-v.Z\\le-bon-plan-backend\\src\\errors\\ProductNotFound.ts","statementMap":{"0":{"start":{"line":5,"column":4},"end":{"line":5,"column":10}}},"fnMap":{"0":{"name":"(anonymous_0)","decl":{"start":{"line":4,"column":2},"end":{"line":4,"column":13}},"loc":{"start":{"line":4,"column":16},"end":{"line":6,"column":null}}}},"branchMap":{},"s":{"0":1},"f":{"0":1},"b":{}}
,"C:\\Users\\sofia\\Desktop\\Zenika\\le-bon-plan-v.Z\\le-bon-plan-backend\\src\\errors\\UserNotFound.ts": {"path":"C:\\Users\\sofia\\Desktop\\Zenika\\le-bon-plan-v.Z\\le-bon-plan-backend\\src\\errors\\UserNotFound.ts","statementMap":{"0":{"start":{"line":5,"column":4},"end":{"line":5,"column":10}}},"fnMap":{"0":{"name":"(anonymous_0)","decl":{"start":{"line":4,"column":2},"end":{"line":4,"column":13}},"loc":{"start":{"line":4,"column":16},"end":{"line":6,"column":null}}}},"branchMap":{},"s":{"0":1},"f":{"0":1},"b":{}}
,"C:\\Users\\sofia\\Desktop\\Zenika\\le-bon-plan-v.Z\\le-bon-plan-backend\\src\\models\\productModel.ts": {"path":"C:\\Users\\sofia\\Desktop\\Zenika\\le-bon-plan-v.Z\\le-bon-plan-backend\\src\\models\\productModel.ts","statementMap":{"0":{"start":{"line":12,"column":22},"end":{"line":12,"column":26}}},"fnMap":{},"branchMap":{},"s":{"0":1},"f":{},"b":{}}
,"C:\\Users\\sofia\\Desktop\\Zenika\\le-bon-plan-v.Z\\le-bon-plan-backend\\src\\models\\userModel.ts": {"path":"C:\\Users\\sofia\\Desktop\\Zenika\\le-bon-plan-v.Z\\le-bon-plan-backend\\src\\models\\userModel.ts","statementMap":{"0":{"start":{"line":9,"column":19},"end":{"line":9,"column":23}}},"fnMap":{},"branchMap":{},"s":{"0":1},"f":{},"b":{}}
}
