TN:
SF:src/controllers/products/productsController.js
FN:6,<instance_members_initializer>
FN:9,getProducts
FN:19,saveProduct
FN:29,updateProduct
FN:37,deleteProduct
FNF:5
FNH:5
FNDA:5,<instance_members_initializer>
FNDA:5,getProducts
FNDA:4,saveProduct
FNDA:1,updateProduct
FNDA:1,deleteProduct
DA:1,1
DA:2,1
DA:3,1
DA:4,1
DA:5,1
DA:6,1
DA:7,1
DA:8,1
DA:9,1
DA:10,5
DA:11,5
DA:12,1
DA:13,1
DA:14,1
DA:15,1
DA:16,1
DA:17,1
DA:18,1
DA:19,1
DA:20,4
DA:21,4
DA:22,4
DA:23,4
DA:24,4
DA:25,4
DA:26,4
DA:27,4
DA:28,1
DA:29,1
DA:30,1
DA:31,1
DA:32,1
DA:33,1
DA:34,1
DA:35,1
DA:36,1
DA:37,1
DA:38,1
DA:39,1
DA:40,1
DA:41,1
DA:42,1
DA:43,1
DA:44,1
DA:45,1
DA:46,1
LF:46
LH:46
BRDA:6,0,0,5
BRDA:9,1,0,5
BRDA:19,2,0,4
BRDA:29,3,0,1
BRDA:32,4,0,1
BRDA:37,5,0,1
BRDA:38,6,0,1
BRF:7
BRH:7
end_of_record
